<?xml version="1.0" encoding="UTF-8"?>
<!-- Generated by org.testng.reporters.JUnitReportReporter -->
<testsuite hostname="DESKTOP-E9KTJ4S" failures="0" tests="1" name="com.actitime.testscript.DemoTesting" time="0.045" errors="0" timestamp="2022-09-23T11:02:23 IST" skipped="0">
  <testcase classname="com.actitime.testscript.DemoTesting" name="demoTest" time="0.045"/>
  <system-out>
    <![CDATA[Welcome]]>
  </system-out>
</testsuite> <!-- com.actitime.testscript.DemoTesting -->
