<?xml version="1.0" encoding="UTF-8"?>
<!-- Generated by org.testng.reporters.JUnitReportReporter -->
<testsuite hostname="DESKTOP-E9KTJ4S" failures="0" tests="5" name="qsp.CustomerModule" time="0.035" errors="0" timestamp="2022-09-27T00:21:59 IST" skipped="0">
  <testcase classname="qsp.CustomerModule" name="DeleteCustomer" time="0.013"/>
  <system-out>
    <![CDATA[DeleteCustomer]]>
  </system-out>
  <testcase classname="qsp.CustomerModule" name="ModifyCustomer" time="0.006"/>
  <system-out>
    <![CDATA[ModifyCustomer]]>
  </system-out>
  <testcase classname="qsp.CustomerModule" name="CreateCustomer" time="0.004"/>
  <system-out>
    <![CDATA[CreateCustomer]]>
  </system-out>
  <testcase classname="qsp.CustomerModule" name="CreateCustomer" time="0.006"/>
  <system-out>
    <![CDATA[CreateCustomer]]>
  </system-out>
  <testcase classname="qsp.CustomerModule" name="CreateCustomer" time="0.006"/>
  <system-out>
    <![CDATA[CreateCustomer]]>
  </system-out>
</testsuite> <!-- qsp.CustomerModule -->
