<?xml version="1.0" encoding="UTF-8"?>
<!-- Generated by org.testng.reporters.JUnitReportReporter -->
<testsuite hostname="DESKTOP-E9KTJ4S" failures="0" tests="1" name="qsp.demo" time="0.023" errors="0" timestamp="2022-09-16T13:04:44 IST" skipped="0">
  <testcase classname="qsp.demo" name="demoTest" time="0.023"/>
  <system-out/>
</testsuite> <!-- qsp.demo -->
