<?xml version="1.0" encoding="UTF-8"?>
<!-- Generated by org.testng.reporters.JUnitReportReporter -->
<testsuite hostname="DESKTOP-E9KTJ4S" failures="0" tests="1" name="qsp.MainMethodc" time="20.833" errors="0" timestamp="2022-09-26T23:50:59 IST" skipped="0">
  <testcase classname="qsp.MainMethodc" name="validLogin" time="20.833"/>
  <system-out/>
</testsuite> <!-- qsp.MainMethodc -->
