<?xml version="1.0" encoding="UTF-8"?>
<!-- Generated by org.testng.reporters.JUnitReportReporter -->
<testsuite hostname="DESKTOP-E9KTJ4S" failures="0" tests="1" name="qsp.TestMethodCls" time="3.423" errors="0" timestamp="2022-09-26T23:55:38 IST" skipped="0">
  <testcase classname="qsp.TestMethodCls" name="validLoginPage" time="3.423"/>
  <system-out/>
</testsuite> <!-- qsp.TestMethodCls -->
